This file contains any messages produced by compilers while
running configure, to aid debugging if configure makes a mistake.

It was created by configure, which was
generated by GNU Autoconf 2.65.  Invocation command line was

  $ ./configure --no-create --no-recursion

## --------- ##
## Platform. ##
## --------- ##

hostname = crapshoot
uname -m = i686
uname -r = 2.6.32-30-generic
uname -s = Linux
uname -v = #59-Ubuntu SMP Tue Mar 1 21:30:21 UTC 2011

/usr/bin/uname -p = unknown
/bin/uname -X     = unknown

/bin/arch              = unknown
/usr/bin/arch -k       = unknown
/usr/convex/getsysinfo = unknown
/usr/bin/hostinfo      = unknown
/bin/machine           = unknown
/usr/bin/oslevel       = unknown
/bin/universe          = unknown

PATH: /usr/local/sbin
PATH: /usr/local/bin
PATH: /usr/sbin
PATH: /usr/bin
PATH: /sbin
PATH: /bin
PATH: /usr/games
PATH: /opt/microblaze/bin


## ----------- ##
## Core tests. ##
## ----------- ##

configure:2599: checking build system type
configure:2613: result: i686-pc-linux-gnu
configure:2633: checking host system type
configure:2646: result: i686-pc-linux-gnu
configure:2666: checking target system type
configure:2679: result: i686-pc-linux-gnu
configure:2713: checking for git
configure:2731: found /usr/bin/git
configure:2743: result: /usr/bin/git
configure:2787: GNU Radio Release 3.3git
configure:2809: checking for a BSD-compatible install
configure:2877: result: /usr/bin/install -c
configure:2888: checking whether build environment is sane
configure:2938: result: yes
configure:3079: checking for a thread-safe mkdir -p
configure:3118: result: /bin/mkdir -p
configure:3131: checking for gawk
configure:3147: found /usr/bin/gawk
configure:3158: result: gawk
configure:3169: checking whether make sets $(MAKE)
configure:3191: result: yes
configure:3266: checking how to create a ustar tar archive
configure:3279: tar --version
tar (GNU tar) 1.22
Copyright (C) 2009 Free Software Foundation, Inc.
License GPLv3+: GNU GPL version 3 or later <http://gnu.org/licenses/gpl.html>.
This is free software: you are free to change and redistribute it.
There is NO WARRANTY, to the extent permitted by law.

Written by John Gilmore and Jay Fenlason.
configure:3282: $? = 0
configure:3322: tardir=conftest.dir && eval tar --format=ustar -chf - "$tardir" >conftest.tar
configure:3325: $? = 0
configure:3329: tar -xf - <conftest.tar
configure:3332: $? = 0
configure:3345: result: gnutar
configure:3378: checking for style of include used by make
configure:3406: result: GNU
configure:3476: checking for gcc
configure:3492: found /usr/local/bin/gcc
configure:3503: result: gcc
configure:3732: checking for C compiler version
configure:3741: gcc --version >&5
gcc (Ubuntu 4.4.3-4ubuntu5) 4.4.3
Copyright (C) 2009 Free Software Foundation, Inc.
This is free software; see the source for copying conditions.  There is NO
warranty; not even for MERCHANTABILITY or FITNESS FOR A PARTICULAR PURPOSE.

configure:3752: $? = 0
configure:3741: gcc -v >&5
Using built-in specs.
Target: i486-linux-gnu
Configured with: ../src/configure -v --with-pkgversion='Ubuntu 4.4.3-4ubuntu5' --with-bugurl=file:///usr/share/doc/gcc-4.4/README.Bugs --enable-languages=c,c++,fortran,objc,obj-c++ --prefix=/usr --enable-shared --enable-multiarch --enable-linker-build-id --with-system-zlib --libexecdir=/usr/lib --without-included-gettext --enable-threads=posix --with-gxx-include-dir=/usr/include/c++/4.4 --program-suffix=-4.4 --enable-nls --enable-clocale=gnu --enable-libstdcxx-debug --enable-plugin --enable-objc-gc --enable-targets=all --disable-werror --with-arch-32=i486 --with-tune=generic --enable-checking=release --build=i486-linux-gnu --host=i486-linux-gnu --target=i486-linux-gnu
Thread model: posix
gcc version 4.4.3 (Ubuntu 4.4.3-4ubuntu5) 
configure:3752: $? = 0
configure:3741: gcc -V >&5
gcc: '-V' option must have argument
configure:3752: $? = 1
configure:3741: gcc -qversion >&5
gcc: unrecognized option '-qversion'
gcc: no input files
configure:3752: $? = 1
configure:3772: checking whether the C compiler works
configure:3794: gcc    conftest.c  >&5
configure:3798: $? = 0
configure:3847: result: yes
configure:3850: checking for C compiler default output file name
configure:3852: result: a.out
configure:3858: checking for suffix of executables
configure:3865: gcc -o conftest    conftest.c  >&5
configure:3869: $? = 0
configure:3891: result: 
configure:3913: checking whether we are cross compiling
configure:3921: gcc -o conftest    conftest.c  >&5
configure:3925: $? = 0
configure:3932: ./conftest
configure:3936: $? = 0
configure:3951: result: no
configure:3956: checking for suffix of object files
configure:3978: gcc -c   conftest.c >&5
configure:3982: $? = 0
configure:4003: result: o
configure:4007: checking whether we are using the GNU C compiler
configure:4026: gcc -c   conftest.c >&5
configure:4026: $? = 0
configure:4035: result: yes
configure:4044: checking whether gcc accepts -g
configure:4064: gcc -c -g  conftest.c >&5
configure:4064: $? = 0
configure:4105: result: yes
configure:4122: checking for gcc option to accept ISO C89
configure:4186: gcc  -c -g -O2  conftest.c >&5
configure:4186: $? = 0
configure:4199: result: none needed
configure:4221: checking dependency style of gcc
configure:4331: result: gcc3
configure:4351: checking how to run the C preprocessor
configure:4382: gcc -E  conftest.c
configure:4382: $? = 0
configure:4396: gcc -E  conftest.c
conftest.c:11:28: error: ac_nonexistent.h: No such file or directory
configure:4396: $? = 1
configure: failed program was:
| /* confdefs.h */
| #define PACKAGE_NAME ""
| #define PACKAGE_TARNAME ""
| #define PACKAGE_VERSION ""
| #define PACKAGE_STRING ""
| #define PACKAGE_BUGREPORT ""
| #define PACKAGE_URL ""
| #define PACKAGE "gr-keyfob"
| #define VERSION "3.3git"
| /* end confdefs.h.  */
| #include <ac_nonexistent.h>
configure:4421: result: gcc -E
configure:4441: gcc -E  conftest.c
configure:4441: $? = 0
configure:4455: gcc -E  conftest.c
conftest.c:11:28: error: ac_nonexistent.h: No such file or directory
configure:4455: $? = 1
configure: failed program was:
| /* confdefs.h */
| #define PACKAGE_NAME ""
| #define PACKAGE_TARNAME ""
| #define PACKAGE_VERSION ""
| #define PACKAGE_STRING ""
| #define PACKAGE_BUGREPORT ""
| #define PACKAGE_URL ""
| #define PACKAGE "gr-keyfob"
| #define VERSION "3.3git"
| /* end confdefs.h.  */
| #include <ac_nonexistent.h>
configure:4485: checking for grep that handles long lines and -e
configure:4543: result: /bin/grep
configure:4548: checking for egrep
configure:4610: result: /bin/grep -E
configure:4615: checking for ANSI C header files
configure:4635: gcc -c -g -O2  conftest.c >&5
configure:4635: $? = 0
configure:4708: gcc -o conftest -g -O2   conftest.c  >&5
configure:4708: $? = 0
configure:4708: ./conftest
configure:4708: $? = 0
configure:4719: result: yes
configure:4732: checking for sys/types.h
configure:4732: gcc -c -g -O2  conftest.c >&5
configure:4732: $? = 0
configure:4732: result: yes
configure:4732: checking for sys/stat.h
configure:4732: gcc -c -g -O2  conftest.c >&5
configure:4732: $? = 0
configure:4732: result: yes
configure:4732: checking for stdlib.h
configure:4732: gcc -c -g -O2  conftest.c >&5
configure:4732: $? = 0
configure:4732: result: yes
configure:4732: checking for string.h
configure:4732: gcc -c -g -O2  conftest.c >&5
configure:4732: $? = 0
configure:4732: result: yes
configure:4732: checking for memory.h
configure:4732: gcc -c -g -O2  conftest.c >&5
configure:4732: $? = 0
configure:4732: result: yes
configure:4732: checking for strings.h
configure:4732: gcc -c -g -O2  conftest.c >&5
configure:4732: $? = 0
configure:4732: result: yes
configure:4732: checking for inttypes.h
configure:4732: gcc -c -g -O2  conftest.c >&5
configure:4732: $? = 0
configure:4732: result: yes
configure:4732: checking for stdint.h
configure:4732: gcc -c -g -O2  conftest.c >&5
configure:4732: $? = 0
configure:4732: result: yes
configure:4732: checking for unistd.h
configure:4732: gcc -c -g -O2  conftest.c >&5
configure:4732: $? = 0
configure:4732: result: yes
configure:4746: checking minix/config.h usability
configure:4746: gcc -c -g -O2  conftest.c >&5
conftest.c:54:26: error: minix/config.h: No such file or directory
configure:4746: $? = 1
configure: failed program was:
| /* confdefs.h */
| #define PACKAGE_NAME ""
| #define PACKAGE_TARNAME ""
| #define PACKAGE_VERSION ""
| #define PACKAGE_STRING ""
| #define PACKAGE_BUGREPORT ""
| #define PACKAGE_URL ""
| #define PACKAGE "gr-keyfob"
| #define VERSION "3.3git"
| #define STDC_HEADERS 1
| #define HAVE_SYS_TYPES_H 1
| #define HAVE_SYS_STAT_H 1
| #define HAVE_STDLIB_H 1
| #define HAVE_STRING_H 1
| #define HAVE_MEMORY_H 1
| #define HAVE_STRINGS_H 1
| #define HAVE_INTTYPES_H 1
| #define HAVE_STDINT_H 1
| #define HAVE_UNISTD_H 1
| /* end confdefs.h.  */
| #include <stdio.h>
| #ifdef HAVE_SYS_TYPES_H
| # include <sys/types.h>
| #endif
| #ifdef HAVE_SYS_STAT_H
| # include <sys/stat.h>
| #endif
| #ifdef STDC_HEADERS
| # include <stdlib.h>
| # include <stddef.h>
| #else
| # ifdef HAVE_STDLIB_H
| #  include <stdlib.h>
| # endif
| #endif
| #ifdef HAVE_STRING_H
| # if !defined STDC_HEADERS && defined HAVE_MEMORY_H
| #  include <memory.h>
| # endif
| # include <string.h>
| #endif
| #ifdef HAVE_STRINGS_H
| # include <strings.h>
| #endif
| #ifdef HAVE_INTTYPES_H
| # include <inttypes.h>
| #endif
| #ifdef HAVE_STDINT_H
| # include <stdint.h>
| #endif
| #ifdef HAVE_UNISTD_H
| # include <unistd.h>
| #endif
| #include <minix/config.h>
configure:4746: result: no
configure:4746: checking minix/config.h presence
configure:4746: gcc -E  conftest.c
conftest.c:21:26: error: minix/config.h: No such file or directory
configure:4746: $? = 1
configure: failed program was:
| /* confdefs.h */
| #define PACKAGE_NAME ""
| #define PACKAGE_TARNAME ""
| #define PACKAGE_VERSION ""
| #define PACKAGE_STRING ""
| #define PACKAGE_BUGREPORT ""
| #define PACKAGE_URL ""
| #define PACKAGE "gr-keyfob"
| #define VERSION "3.3git"
| #define STDC_HEADERS 1
| #define HAVE_SYS_TYPES_H 1
| #define HAVE_SYS_STAT_H 1
| #define HAVE_STDLIB_H 1
| #define HAVE_STRING_H 1
| #define HAVE_MEMORY_H 1
| #define HAVE_STRINGS_H 1
| #define HAVE_INTTYPES_H 1
| #define HAVE_STDINT_H 1
| #define HAVE_UNISTD_H 1
| /* end confdefs.h.  */
| #include <minix/config.h>
configure:4746: result: no
configure:4746: checking for minix/config.h
configure:4746: result: no
configure:4767: checking whether it is safe to define __EXTENSIONS__
configure:4785: gcc -c -g -O2  conftest.c >&5
configure:4785: $? = 0
configure:4792: result: yes
configure:4807: checking for library containing strerror
configure:4838: gcc -o conftest -g -O2   conftest.c  >&5
configure:4838: $? = 0
configure:4855: result: none required
configure:4923: checking for g++
configure:4939: found /usr/local/bin/g++
configure:4950: result: g++
configure:4977: checking for C++ compiler version
configure:4986: g++ --version >&5
g++ (Ubuntu 4.4.3-4ubuntu5) 4.4.3
Copyright (C) 2009 Free Software Foundation, Inc.
This is free software; see the source for copying conditions.  There is NO
warranty; not even for MERCHANTABILITY or FITNESS FOR A PARTICULAR PURPOSE.

configure:4997: $? = 0
configure:4986: g++ -v >&5
Using built-in specs.
Target: i486-linux-gnu
Configured with: ../src/configure -v --with-pkgversion='Ubuntu 4.4.3-4ubuntu5' --with-bugurl=file:///usr/share/doc/gcc-4.4/README.Bugs --enable-languages=c,c++,fortran,objc,obj-c++ --prefix=/usr --enable-shared --enable-multiarch --enable-linker-build-id --with-system-zlib --libexecdir=/usr/lib --without-included-gettext --enable-threads=posix --with-gxx-include-dir=/usr/include/c++/4.4 --program-suffix=-4.4 --enable-nls --enable-clocale=gnu --enable-libstdcxx-debug --enable-plugin --enable-objc-gc --enable-targets=all --disable-werror --with-arch-32=i486 --with-tune=generic --enable-checking=release --build=i486-linux-gnu --host=i486-linux-gnu --target=i486-linux-gnu
Thread model: posix
gcc version 4.4.3 (Ubuntu 4.4.3-4ubuntu5) 
configure:4997: $? = 0
configure:4986: g++ -V >&5
g++: '-V' option must have argument
configure:4997: $? = 1
configure:4986: g++ -qversion >&5
g++: unrecognized option '-qversion'
g++: no input files
configure:4997: $? = 1
configure:5001: checking whether we are using the GNU C++ compiler
configure:5020: g++ -c   conftest.cpp >&5
configure:5020: $? = 0
configure:5029: result: yes
configure:5038: checking whether g++ accepts -g
configure:5058: g++ -c -g  conftest.cpp >&5
configure:5058: $? = 0
configure:5099: result: yes
configure:5124: checking dependency style of g++
configure:5234: result: gcc3
configure:5254: checking how to run the C++ preprocessor
configure:5281: g++ -E  conftest.cpp
configure:5281: $? = 0
configure:5295: g++ -E  conftest.cpp
conftest.cpp:26:28: error: ac_nonexistent.h: No such file or directory
configure:5295: $? = 1
configure: failed program was:
| /* confdefs.h */
| #define PACKAGE_NAME ""
| #define PACKAGE_TARNAME ""
| #define PACKAGE_VERSION ""
| #define PACKAGE_STRING ""
| #define PACKAGE_BUGREPORT ""
| #define PACKAGE_URL ""
| #define PACKAGE "gr-keyfob"
| #define VERSION "3.3git"
| #define STDC_HEADERS 1
| #define HAVE_SYS_TYPES_H 1
| #define HAVE_SYS_STAT_H 1
| #define HAVE_STDLIB_H 1
| #define HAVE_STRING_H 1
| #define HAVE_MEMORY_H 1
| #define HAVE_STRINGS_H 1
| #define HAVE_INTTYPES_H 1
| #define HAVE_STDINT_H 1
| #define HAVE_UNISTD_H 1
| #define __EXTENSIONS__ 1
| #define _ALL_SOURCE 1
| #define _GNU_SOURCE 1
| #define _POSIX_PTHREAD_SEMANTICS 1
| #define _TANDEM_SOURCE 1
| /* end confdefs.h.  */
| #include <ac_nonexistent.h>
configure:5320: result: g++ -E
configure:5340: g++ -E  conftest.cpp
configure:5340: $? = 0
configure:5354: g++ -E  conftest.cpp
conftest.cpp:26:28: error: ac_nonexistent.h: No such file or directory
configure:5354: $? = 1
configure: failed program was:
| /* confdefs.h */
| #define PACKAGE_NAME ""
| #define PACKAGE_TARNAME ""
| #define PACKAGE_VERSION ""
| #define PACKAGE_STRING ""
| #define PACKAGE_BUGREPORT ""
| #define PACKAGE_URL ""
| #define PACKAGE "gr-keyfob"
| #define VERSION "3.3git"
| #define STDC_HEADERS 1
| #define HAVE_SYS_TYPES_H 1
| #define HAVE_SYS_STAT_H 1
| #define HAVE_STDLIB_H 1
| #define HAVE_STRING_H 1
| #define HAVE_MEMORY_H 1
| #define HAVE_STRINGS_H 1
| #define HAVE_INTTYPES_H 1
| #define HAVE_STDINT_H 1
| #define HAVE_UNISTD_H 1
| #define __EXTENSIONS__ 1
| #define _ALL_SOURCE 1
| #define _GNU_SOURCE 1
| #define _POSIX_PTHREAD_SEMANTICS 1
| #define _TANDEM_SOURCE 1
| /* end confdefs.h.  */
| #include <ac_nonexistent.h>
configure:5396: checking whether C++ has std::isnan
configure:5411: g++ -c -g -O2  conftest.cpp >&5
configure:5411: $? = 0
configure:5412: result: yes
configure:5435: checking gr_libdir_suffix
configure:5466: result: 
configure:5470: checking whether to append 64 to libdir
configure:5478: result: no
configure:5514: checking whether gcc accepts -Wall
configure:5519: result: yes
configure:5514: checking whether gcc accepts -Werror-implicit-function-declaration
configure:5519: result: yes
configure:5536: checking whether g++ accepts -Wall
configure:5541: result: yes
configure:5536: checking whether g++ accepts -Woverloaded-virtual
configure:5541: result: yes
configure:5554: checking whether user wants gprof
configure:5564: result: no
configure:5619: checking whether user wants prof
configure:5629: result: no
configure:5692: checking dependency style of gcc
configure:5800: result: gcc3
configure:5815: checking whether ln -s works
configure:5819: result: yes
configure:5826: checking whether make sets $(MAKE)
configure:5848: result: yes
configure:5860: checking for rm
configure:5878: found /bin/rm
configure:5890: result: /bin/rm
configure:6287: checking for a sed that does not truncate output
configure:6351: result: /bin/sed
configure:6369: checking for fgrep
configure:6431: result: /bin/grep -F
configure:6466: checking for ld used by gcc
configure:6533: result: /usr/bin/ld
configure:6540: checking if the linker (/usr/bin/ld) is GNU ld
configure:6555: result: yes
configure:6567: checking for BSD- or MS-compatible name lister (nm)
configure:6616: result: /usr/bin/nm -B
configure:6734: checking the name lister (/usr/bin/nm -B) interface
configure:6741: gcc -c -g -O2  conftest.c >&5
configure:6744: /usr/bin/nm -B "conftest.o"
configure:6747: output
00000000 B some_variable
configure:6754: result: BSD nm
configure:6758: checking the maximum length of command line arguments
configure:6878: result: 805306365
configure:6895: checking whether the shell understands some XSI constructs
configure:6905: result: yes
configure:6909: checking whether the shell understands "+="
configure:6915: result: yes
configure:6950: checking for /usr/bin/ld option to reload object files
configure:6957: result: -r
configure:7026: checking for objdump
configure:7053: result: objdump
configure:7082: checking how to recognize dependent libraries
configure:7278: result: pass_all
configure:7338: checking for ar
configure:7354: found /usr/bin/ar
configure:7365: result: ar
configure:7443: checking for strip
configure:7459: found /usr/bin/strip
configure:7470: result: strip
configure:7542: checking for ranlib
configure:7558: found /usr/bin/ranlib
configure:7569: result: ranlib
configure:7659: checking command to parse /usr/bin/nm -B output from gcc object
configure:7777: gcc -c -g -O2  conftest.c >&5
configure:7780: $? = 0
configure:7784: /usr/bin/nm -B conftest.o \| sed -n -e 's/^.*[	 ]\([ABCDGIRSTW][ABCDGIRSTW]*\)[	 ][	 ]*\([_A-Za-z][_A-Za-z0-9]*\)$/\1 \2 \2/p' \> conftest.nm
configure:7787: $? = 0
configure:7841: gcc -o conftest -g -O2   conftest.c conftstm.o >&5
configure:7844: $? = 0
configure:7882: result: ok
configure:8687: checking for dlfcn.h
configure:8687: gcc -c -g -O2  conftest.c >&5
configure:8687: $? = 0
configure:8687: result: yes
configure:8812: checking for C++ compiler version
configure:8821: g++ --version >&5
g++ (Ubuntu 4.4.3-4ubuntu5) 4.4.3
Copyright (C) 2009 Free Software Foundation, Inc.
This is free software; see the source for copying conditions.  There is NO
warranty; not even for MERCHANTABILITY or FITNESS FOR A PARTICULAR PURPOSE.

configure:8832: $? = 0
configure:8821: g++ -v >&5
Using built-in specs.
Target: i486-linux-gnu
Configured with: ../src/configure -v --with-pkgversion='Ubuntu 4.4.3-4ubuntu5' --with-bugurl=file:///usr/share/doc/gcc-4.4/README.Bugs --enable-languages=c,c++,fortran,objc,obj-c++ --prefix=/usr --enable-shared --enable-multiarch --enable-linker-build-id --with-system-zlib --libexecdir=/usr/lib --without-included-gettext --enable-threads=posix --with-gxx-include-dir=/usr/include/c++/4.4 --program-suffix=-4.4 --enable-nls --enable-clocale=gnu --enable-libstdcxx-debug --enable-plugin --enable-objc-gc --enable-targets=all --disable-werror --with-arch-32=i486 --with-tune=generic --enable-checking=release --build=i486-linux-gnu --host=i486-linux-gnu --target=i486-linux-gnu
Thread model: posix
gcc version 4.4.3 (Ubuntu 4.4.3-4ubuntu5) 
configure:8832: $? = 0
configure:8821: g++ -V >&5
g++: '-V' option must have argument
configure:8832: $? = 1
configure:8821: g++ -qversion >&5
g++: unrecognized option '-qversion'
g++: no input files
configure:8832: $? = 1
configure:8836: checking whether we are using the GNU C++ compiler
configure:8864: result: yes
configure:8873: checking whether g++ accepts -g
configure:8934: result: yes
configure:8959: checking dependency style of g++
configure:9069: result: gcc3
configure:9092: checking how to run the C++ preprocessor
configure:9158: result: g++ -E
configure:9178: g++ -E  conftest.cpp
configure:9178: $? = 0
configure:9192: g++ -E  conftest.cpp
conftest.cpp:28:28: error: ac_nonexistent.h: No such file or directory
configure:9192: $? = 1
configure: failed program was:
| /* confdefs.h */
| #define PACKAGE_NAME ""
| #define PACKAGE_TARNAME ""
| #define PACKAGE_VERSION ""
| #define PACKAGE_STRING ""
| #define PACKAGE_BUGREPORT ""
| #define PACKAGE_URL ""
| #define PACKAGE "gr-keyfob"
| #define VERSION "3.3git"
| #define STDC_HEADERS 1
| #define HAVE_SYS_TYPES_H 1
| #define HAVE_SYS_STAT_H 1
| #define HAVE_STDLIB_H 1
| #define HAVE_STRING_H 1
| #define HAVE_MEMORY_H 1
| #define HAVE_STRINGS_H 1
| #define HAVE_INTTYPES_H 1
| #define HAVE_STDINT_H 1
| #define HAVE_UNISTD_H 1
| #define __EXTENSIONS__ 1
| #define _ALL_SOURCE 1
| #define _GNU_SOURCE 1
| #define _POSIX_PTHREAD_SEMANTICS 1
| #define _TANDEM_SOURCE 1
| #define CXX_HAS_STD_ISNAN /**/
| #define HAVE_DLFCN_H 1
| /* end confdefs.h.  */
| #include <ac_nonexistent.h>
configure:9335: checking for objdir
configure:9350: result: .libs
configure:9646: checking if gcc supports -fno-rtti -fno-exceptions
configure:9664: gcc -c -g -O2  -fno-rtti -fno-exceptions conftest.c >&5
cc1: warning: command line option "-fno-rtti" is valid for C++/ObjC++ but not for C
configure:9668: $? = 0
configure:9681: result: no
configure:9701: checking for gcc option to produce PIC
configure:9973: result: -fPIC -DPIC
configure:9985: checking if gcc PIC flag -fPIC -DPIC works
configure:10003: gcc -c -g -O2  -fPIC -DPIC -DPIC conftest.c >&5
configure:10007: $? = 0
configure:10020: result: yes
configure:10044: checking if gcc static flag -static works
configure:10072: result: yes
configure:10087: checking if gcc supports -c -o file.o
configure:10108: gcc -c -g -O2  -o out/conftest2.o conftest.c >&5
configure:10112: $? = 0
configure:10134: result: yes
configure:10142: checking if gcc supports -c -o file.o
configure:10189: result: yes
configure:10222: checking whether the gcc linker (/usr/bin/ld) supports shared libraries
configure:11213: result: yes
configure:11250: checking whether -lc should be explicitly linked in
configure:11255: gcc -c -g -O2  conftest.c >&5
configure:11258: $? = 0
configure:11273: gcc -shared conftest.o  -v -Wl,-soname -Wl,conftest -o conftest 2\>\&1 \| /bin/grep  -lc  \>/dev/null 2\>\&1
configure:11276: $? = 0
configure:11288: result: no
configure:11452: checking dynamic linker characteristics
configure:11885: gcc -o conftest -g -O2   -Wl,-rpath -Wl,/foo conftest.c  >&5
configure:11885: $? = 0
configure:12115: result: GNU/Linux ld.so
configure:12217: checking how to hardcode library paths into programs
configure:12242: result: immediate
configure:12762: checking whether stripping libraries is possible
configure:12767: result: yes
configure:12802: checking if libtool supports shared libraries
configure:12804: result: yes
configure:12807: checking whether to build shared libraries
configure:12828: result: yes
configure:12831: checking whether to build static libraries
configure:12835: result: no
configure:12985: checking for ld used by g++
configure:13052: result: /usr/bin/ld
configure:13059: checking if the linker (/usr/bin/ld) is GNU ld
configure:13074: result: yes
configure:13129: checking whether the g++ linker (/usr/bin/ld) supports shared libraries
configure:14042: result: yes
configure:14070: g++ -c -g -O2  conftest.cpp >&5
configure:14073: $? = 0
configure:14255: checking for g++ option to produce PIC
configure:14572: result: -fPIC -DPIC
configure:14581: checking if g++ PIC flag -fPIC -DPIC works
configure:14599: g++ -c -g -O2  -fPIC -DPIC -DPIC conftest.cpp >&5
configure:14603: $? = 0
configure:14616: result: yes
configure:14637: checking if g++ static flag -static works
configure:14665: result: yes
configure:14677: checking if g++ supports -c -o file.o
configure:14698: g++ -c -g -O2  -o out/conftest2.o conftest.cpp >&5
configure:14702: $? = 0
configure:14724: result: yes
configure:14729: checking if g++ supports -c -o file.o
configure:14776: result: yes
configure:14806: checking whether the g++ linker (/usr/bin/ld) supports shared libraries
configure:14835: result: yes
configure:14972: checking dynamic linker characteristics
configure:15353: g++ -o conftest -g -O2   -Wl,-rpath -Wl,/foo conftest.cpp  >&5
configure:15353: $? = 0
configure:15583: result: GNU/Linux ld.so
configure:15634: checking how to hardcode library paths into programs
configure:15659: result: immediate
configure:15741: checking for python
configure:15759: found /usr/bin/python
configure:15771: result: /usr/bin/python
configure:15792: checking for python version
configure:15799: result: 2.6
configure:15811: checking for python platform
configure:15818: result: linux2
configure:15825: checking for python script directory
configure:15854: result: ${prefix}/lib/python2.6/dist-packages
configure:15863: checking for python extension module directory
configure:15892: result: ${exec_prefix}/lib/python2.6/dist-packages
configure:15937: checking for Python include path
configure:15953: result: /usr/include/python2.6
configure:15967: checking Python.h usability
configure:15967: gcc -c -g -O2  -I/usr/include/python2.6 conftest.c >&5
In file included from /usr/include/python2.6/Python.h:8,
                 from conftest.c:62:
/usr/include/python2.6/pyconfig.h:1031:1: warning: "_POSIX_C_SOURCE" redefined
In file included from /usr/include/stdio.h:28,
                 from conftest.c:29:
/usr/include/features.h:158:1: warning: this is the location of the previous definition
In file included from /usr/include/python2.6/Python.h:8,
                 from conftest.c:62:
/usr/include/python2.6/pyconfig.h:1040:1: warning: "_XOPEN_SOURCE" redefined
In file included from /usr/include/stdio.h:28,
                 from conftest.c:29:
/usr/include/features.h:160:1: warning: this is the location of the previous definition
configure:15967: $? = 0
configure:15967: result: yes
configure:15967: checking Python.h presence
configure:15967: gcc -E  -I/usr/include/python2.6 conftest.c
configure:15967: $? = 0
configure:15967: result: yes
configure:15967: checking for Python.h
configure:15967: result: yes
configure:16043: checking for swig
configure:16059: found /usr/bin/swig
configure:16070: result: /usr/bin/swig
configure:16082: checking for SWIG version
configure:16086: result: 1.3.40
configure:16121: checking for ANSI C header files
configure:16225: result: yes
configure:16234: checking for an ANSI C-conforming const
configure:16299: gcc -c -g -O2  conftest.c >&5
configure:16299: $? = 0
configure:16306: result: yes
configure:16314: checking for inline
configure:16330: gcc -c -g -O2  conftest.c >&5
configure:16330: $? = 0
configure:16338: result: inline
configure:16356: checking for size_t
configure:16356: gcc -c -g -O2  conftest.c >&5
configure:16356: $? = 0
configure:16356: gcc -c -g -O2  conftest.c >&5
conftest.c: In function 'main':
conftest.c:67: error: expected expression before ')' token
configure:16356: $? = 1
configure: failed program was:
| /* confdefs.h */
| #define PACKAGE_NAME ""
| #define PACKAGE_TARNAME ""
| #define PACKAGE_VERSION ""
| #define PACKAGE_STRING ""
| #define PACKAGE_BUGREPORT ""
| #define PACKAGE_URL ""
| #define PACKAGE "gr-keyfob"
| #define VERSION "3.3git"
| #define STDC_HEADERS 1
| #define HAVE_SYS_TYPES_H 1
| #define HAVE_SYS_STAT_H 1
| #define HAVE_STDLIB_H 1
| #define HAVE_STRING_H 1
| #define HAVE_MEMORY_H 1
| #define HAVE_STRINGS_H 1
| #define HAVE_INTTYPES_H 1
| #define HAVE_STDINT_H 1
| #define HAVE_UNISTD_H 1
| #define __EXTENSIONS__ 1
| #define _ALL_SOURCE 1
| #define _GNU_SOURCE 1
| #define _POSIX_PTHREAD_SEMANTICS 1
| #define _TANDEM_SOURCE 1
| #define CXX_HAS_STD_ISNAN /**/
| #define HAVE_DLFCN_H 1
| #define LT_OBJDIR ".libs/"
| #define HAVE_PYTHON_H 1
| #define STDC_HEADERS 1
| /* end confdefs.h.  */
| #include <stdio.h>
| #ifdef HAVE_SYS_TYPES_H
| # include <sys/types.h>
| #endif
| #ifdef HAVE_SYS_STAT_H
| # include <sys/stat.h>
| #endif
| #ifdef STDC_HEADERS
| # include <stdlib.h>
| # include <stddef.h>
| #else
| # ifdef HAVE_STDLIB_H
| #  include <stdlib.h>
| # endif
| #endif
| #ifdef HAVE_STRING_H
| # if !defined STDC_HEADERS && defined HAVE_MEMORY_H
| #  include <memory.h>
| # endif
| # include <string.h>
| #endif
| #ifdef HAVE_STRINGS_H
| # include <strings.h>
| #endif
| #ifdef HAVE_INTTYPES_H
| # include <inttypes.h>
| #endif
| #ifdef HAVE_STDINT_H
| # include <stdint.h>
| #endif
| #ifdef HAVE_UNISTD_H
| # include <unistd.h>
| #endif
| int
| main ()
| {
| if (sizeof ((size_t)))
| 	    return 0;
|   ;
|   return 0;
| }
configure:16356: result: yes
configure:16367: checking whether time.h and sys/time.h may both be included
configure:16387: gcc -c -g -O2  conftest.c >&5
configure:16387: $? = 0
configure:16394: result: yes
configure:16402: checking whether byte ordering is bigendian
configure:16417: gcc -c -g -O2  conftest.c >&5
conftest.c:33: error: expected '=', ',', ';', 'asm' or '__attribute__' before 'a'
configure:16417: $? = 1
configure: failed program was:
| /* confdefs.h */
| #define PACKAGE_NAME ""
| #define PACKAGE_TARNAME ""
| #define PACKAGE_VERSION ""
| #define PACKAGE_STRING ""
| #define PACKAGE_BUGREPORT ""
| #define PACKAGE_URL ""
| #define PACKAGE "gr-keyfob"
| #define VERSION "3.3git"
| #define STDC_HEADERS 1
| #define HAVE_SYS_TYPES_H 1
| #define HAVE_SYS_STAT_H 1
| #define HAVE_STDLIB_H 1
| #define HAVE_STRING_H 1
| #define HAVE_MEMORY_H 1
| #define HAVE_STRINGS_H 1
| #define HAVE_INTTYPES_H 1
| #define HAVE_STDINT_H 1
| #define HAVE_UNISTD_H 1
| #define __EXTENSIONS__ 1
| #define _ALL_SOURCE 1
| #define _GNU_SOURCE 1
| #define _POSIX_PTHREAD_SEMANTICS 1
| #define _TANDEM_SOURCE 1
| #define CXX_HAS_STD_ISNAN /**/
| #define HAVE_DLFCN_H 1
| #define LT_OBJDIR ".libs/"
| #define HAVE_PYTHON_H 1
| #define STDC_HEADERS 1
| #define TIME_WITH_SYS_TIME 1
| /* end confdefs.h.  */
| #ifndef __APPLE_CC__
| 	       not a universal capable compiler
| 	     #endif
| 	     typedef int dummy;
| 
configure:16462: gcc -c -g -O2  conftest.c >&5
configure:16462: $? = 0
configure:16480: gcc -c -g -O2  conftest.c >&5
conftest.c: In function 'main':
conftest.c:39: error: 'not' undeclared (first use in this function)
conftest.c:39: error: (Each undeclared identifier is reported only once
conftest.c:39: error: for each function it appears in.)
conftest.c:39: error: expected ';' before 'big'
configure:16480: $? = 1
configure: failed program was:
| /* confdefs.h */
| #define PACKAGE_NAME ""
| #define PACKAGE_TARNAME ""
| #define PACKAGE_VERSION ""
| #define PACKAGE_STRING ""
| #define PACKAGE_BUGREPORT ""
| #define PACKAGE_URL ""
| #define PACKAGE "gr-keyfob"
| #define VERSION "3.3git"
| #define STDC_HEADERS 1
| #define HAVE_SYS_TYPES_H 1
| #define HAVE_SYS_STAT_H 1
| #define HAVE_STDLIB_H 1
| #define HAVE_STRING_H 1
| #define HAVE_MEMORY_H 1
| #define HAVE_STRINGS_H 1
| #define HAVE_INTTYPES_H 1
| #define HAVE_STDINT_H 1
| #define HAVE_UNISTD_H 1
| #define __EXTENSIONS__ 1
| #define _ALL_SOURCE 1
| #define _GNU_SOURCE 1
| #define _POSIX_PTHREAD_SEMANTICS 1
| #define _TANDEM_SOURCE 1
| #define CXX_HAS_STD_ISNAN /**/
| #define HAVE_DLFCN_H 1
| #define LT_OBJDIR ".libs/"
| #define HAVE_PYTHON_H 1
| #define STDC_HEADERS 1
| #define TIME_WITH_SYS_TIME 1
| /* end confdefs.h.  */
| #include <sys/types.h>
| 		#include <sys/param.h>
| 
| int
| main ()
| {
| #if BYTE_ORDER != BIG_ENDIAN
| 		 not big endian
| 		#endif
| 
|   ;
|   return 0;
| }
configure:16608: result: no
configure:16632: checking for sys/types.h
configure:16632: result: yes
configure:16632: checking fcntl.h usability
configure:16632: gcc -c -g -O2  conftest.c >&5
configure:16632: $? = 0
configure:16632: result: yes
configure:16632: checking fcntl.h presence
configure:16632: gcc -E  conftest.c
configure:16632: $? = 0
configure:16632: result: yes
configure:16632: checking for fcntl.h
configure:16632: result: yes
configure:16632: checking io.h usability
configure:16632: gcc -c -g -O2  conftest.c >&5
conftest.c:67:16: error: io.h: No such file or directory
configure:16632: $? = 1
configure: failed program was:
| /* confdefs.h */
| #define PACKAGE_NAME ""
| #define PACKAGE_TARNAME ""
| #define PACKAGE_VERSION ""
| #define PACKAGE_STRING ""
| #define PACKAGE_BUGREPORT ""
| #define PACKAGE_URL ""
| #define PACKAGE "gr-keyfob"
| #define VERSION "3.3git"
| #define STDC_HEADERS 1
| #define HAVE_SYS_TYPES_H 1
| #define HAVE_SYS_STAT_H 1
| #define HAVE_STDLIB_H 1
| #define HAVE_STRING_H 1
| #define HAVE_MEMORY_H 1
| #define HAVE_STRINGS_H 1
| #define HAVE_INTTYPES_H 1
| #define HAVE_STDINT_H 1
| #define HAVE_UNISTD_H 1
| #define __EXTENSIONS__ 1
| #define _ALL_SOURCE 1
| #define _GNU_SOURCE 1
| #define _POSIX_PTHREAD_SEMANTICS 1
| #define _TANDEM_SOURCE 1
| #define CXX_HAS_STD_ISNAN /**/
| #define HAVE_DLFCN_H 1
| #define LT_OBJDIR ".libs/"
| #define HAVE_PYTHON_H 1
| #define STDC_HEADERS 1
| #define TIME_WITH_SYS_TIME 1
| #define HAVE_SYS_TYPES_H 1
| #define HAVE_FCNTL_H 1
| /* end confdefs.h.  */
| #include <stdio.h>
| #ifdef HAVE_SYS_TYPES_H
| # include <sys/types.h>
| #endif
| #ifdef HAVE_SYS_STAT_H
| # include <sys/stat.h>
| #endif
| #ifdef STDC_HEADERS
| # include <stdlib.h>
| # include <stddef.h>
| #else
| # ifdef HAVE_STDLIB_H
| #  include <stdlib.h>
| # endif
| #endif
| #ifdef HAVE_STRING_H
| # if !defined STDC_HEADERS && defined HAVE_MEMORY_H
| #  include <memory.h>
| # endif
| # include <string.h>
| #endif
| #ifdef HAVE_STRINGS_H
| # include <strings.h>
| #endif
| #ifdef HAVE_INTTYPES_H
| # include <inttypes.h>
| #endif
| #ifdef HAVE_STDINT_H
| # include <stdint.h>
| #endif
| #ifdef HAVE_UNISTD_H
| # include <unistd.h>
| #endif
| #include <io.h>
configure:16632: result: no
configure:16632: checking io.h presence
configure:16632: gcc -E  conftest.c
conftest.c:34:16: error: io.h: No such file or directory
configure:16632: $? = 1
configure: failed program was:
| /* confdefs.h */
| #define PACKAGE_NAME ""
| #define PACKAGE_TARNAME ""
| #define PACKAGE_VERSION ""
| #define PACKAGE_STRING ""
| #define PACKAGE_BUGREPORT ""
| #define PACKAGE_URL ""
| #define PACKAGE "gr-keyfob"
| #define VERSION "3.3git"
| #define STDC_HEADERS 1
| #define HAVE_SYS_TYPES_H 1
| #define HAVE_SYS_STAT_H 1
| #define HAVE_STDLIB_H 1
| #define HAVE_STRING_H 1
| #define HAVE_MEMORY_H 1
| #define HAVE_STRINGS_H 1
| #define HAVE_INTTYPES_H 1
| #define HAVE_STDINT_H 1
| #define HAVE_UNISTD_H 1
| #define __EXTENSIONS__ 1
| #define _ALL_SOURCE 1
| #define _GNU_SOURCE 1
| #define _POSIX_PTHREAD_SEMANTICS 1
| #define _TANDEM_SOURCE 1
| #define CXX_HAS_STD_ISNAN /**/
| #define HAVE_DLFCN_H 1
| #define LT_OBJDIR ".libs/"
| #define HAVE_PYTHON_H 1
| #define STDC_HEADERS 1
| #define TIME_WITH_SYS_TIME 1
| #define HAVE_SYS_TYPES_H 1
| #define HAVE_FCNTL_H 1
| /* end confdefs.h.  */
| #include <io.h>
configure:16632: result: no
configure:16632: checking for io.h
configure:16632: result: no
configure:16645: checking windows.h usability
configure:16645: gcc -c -g -O2  conftest.c >&5
conftest.c:67:21: error: windows.h: No such file or directory
configure:16645: $? = 1
configure: failed program was:
| /* confdefs.h */
| #define PACKAGE_NAME ""
| #define PACKAGE_TARNAME ""
| #define PACKAGE_VERSION ""
| #define PACKAGE_STRING ""
| #define PACKAGE_BUGREPORT ""
| #define PACKAGE_URL ""
| #define PACKAGE "gr-keyfob"
| #define VERSION "3.3git"
| #define STDC_HEADERS 1
| #define HAVE_SYS_TYPES_H 1
| #define HAVE_SYS_STAT_H 1
| #define HAVE_STDLIB_H 1
| #define HAVE_STRING_H 1
| #define HAVE_MEMORY_H 1
| #define HAVE_STRINGS_H 1
| #define HAVE_INTTYPES_H 1
| #define HAVE_STDINT_H 1
| #define HAVE_UNISTD_H 1
| #define __EXTENSIONS__ 1
| #define _ALL_SOURCE 1
| #define _GNU_SOURCE 1
| #define _POSIX_PTHREAD_SEMANTICS 1
| #define _TANDEM_SOURCE 1
| #define CXX_HAS_STD_ISNAN /**/
| #define HAVE_DLFCN_H 1
| #define LT_OBJDIR ".libs/"
| #define HAVE_PYTHON_H 1
| #define STDC_HEADERS 1
| #define TIME_WITH_SYS_TIME 1
| #define HAVE_SYS_TYPES_H 1
| #define HAVE_FCNTL_H 1
| /* end confdefs.h.  */
| #include <stdio.h>
| #ifdef HAVE_SYS_TYPES_H
| # include <sys/types.h>
| #endif
| #ifdef HAVE_SYS_STAT_H
| # include <sys/stat.h>
| #endif
| #ifdef STDC_HEADERS
| # include <stdlib.h>
| # include <stddef.h>
| #else
| # ifdef HAVE_STDLIB_H
| #  include <stdlib.h>
| # endif
| #endif
| #ifdef HAVE_STRING_H
| # if !defined STDC_HEADERS && defined HAVE_MEMORY_H
| #  include <memory.h>
| # endif
| # include <string.h>
| #endif
| #ifdef HAVE_STRINGS_H
| # include <strings.h>
| #endif
| #ifdef HAVE_INTTYPES_H
| # include <inttypes.h>
| #endif
| #ifdef HAVE_STDINT_H
| # include <stdint.h>
| #endif
| #ifdef HAVE_UNISTD_H
| # include <unistd.h>
| #endif
| #include <windows.h>
configure:16645: result: no
configure:16645: checking windows.h presence
configure:16645: gcc -E  conftest.c
conftest.c:34:21: error: windows.h: No such file or directory
configure:16645: $? = 1
configure: failed program was:
| /* confdefs.h */
| #define PACKAGE_NAME ""
| #define PACKAGE_TARNAME ""
| #define PACKAGE_VERSION ""
| #define PACKAGE_STRING ""
| #define PACKAGE_BUGREPORT ""
| #define PACKAGE_URL ""
| #define PACKAGE "gr-keyfob"
| #define VERSION "3.3git"
| #define STDC_HEADERS 1
| #define HAVE_SYS_TYPES_H 1
| #define HAVE_SYS_STAT_H 1
| #define HAVE_STDLIB_H 1
| #define HAVE_STRING_H 1
| #define HAVE_MEMORY_H 1
| #define HAVE_STRINGS_H 1
| #define HAVE_INTTYPES_H 1
| #define HAVE_STDINT_H 1
| #define HAVE_UNISTD_H 1
| #define __EXTENSIONS__ 1
| #define _ALL_SOURCE 1
| #define _GNU_SOURCE 1
| #define _POSIX_PTHREAD_SEMANTICS 1
| #define _TANDEM_SOURCE 1
| #define CXX_HAS_STD_ISNAN /**/
| #define HAVE_DLFCN_H 1
| #define LT_OBJDIR ".libs/"
| #define HAVE_PYTHON_H 1
| #define STDC_HEADERS 1
| #define TIME_WITH_SYS_TIME 1
| #define HAVE_SYS_TYPES_H 1
| #define HAVE_FCNTL_H 1
| /* end confdefs.h.  */
| #include <windows.h>
configure:16645: result: no
configure:16645: checking for windows.h
configure:16645: result: no
configure:16658: checking for winioctl.h
configure:16658: gcc -c -g -O2  conftest.c >&5
conftest.c:40:22: error: winioctl.h: No such file or directory
configure:16658: $? = 1
configure: failed program was:
| /* confdefs.h */
| #define PACKAGE_NAME ""
| #define PACKAGE_TARNAME ""
| #define PACKAGE_VERSION ""
| #define PACKAGE_STRING ""
| #define PACKAGE_BUGREPORT ""
| #define PACKAGE_URL ""
| #define PACKAGE "gr-keyfob"
| #define VERSION "3.3git"
| #define STDC_HEADERS 1
| #define HAVE_SYS_TYPES_H 1
| #define HAVE_SYS_STAT_H 1
| #define HAVE_STDLIB_H 1
| #define HAVE_STRING_H 1
| #define HAVE_MEMORY_H 1
| #define HAVE_STRINGS_H 1
| #define HAVE_INTTYPES_H 1
| #define HAVE_STDINT_H 1
| #define HAVE_UNISTD_H 1
| #define __EXTENSIONS__ 1
| #define _ALL_SOURCE 1
| #define _GNU_SOURCE 1
| #define _POSIX_PTHREAD_SEMANTICS 1
| #define _TANDEM_SOURCE 1
| #define CXX_HAS_STD_ISNAN /**/
| #define HAVE_DLFCN_H 1
| #define LT_OBJDIR ".libs/"
| #define HAVE_PYTHON_H 1
| #define STDC_HEADERS 1
| #define TIME_WITH_SYS_TIME 1
| #define HAVE_SYS_TYPES_H 1
| #define HAVE_FCNTL_H 1
| /* end confdefs.h.  */
| 
| 	#if HAVE_WINDOWS_H
| 	#include <windows.h>
| 	#endif
| 
| 
| #include <winioctl.h>
configure:16658: result: no
configure:16658: checking for winbase.h
configure:16658: gcc -c -g -O2  conftest.c >&5
conftest.c:40:21: error: winbase.h: No such file or directory
configure:16658: $? = 1
configure: failed program was:
| /* confdefs.h */
| #define PACKAGE_NAME ""
| #define PACKAGE_TARNAME ""
| #define PACKAGE_VERSION ""
| #define PACKAGE_STRING ""
| #define PACKAGE_BUGREPORT ""
| #define PACKAGE_URL ""
| #define PACKAGE "gr-keyfob"
| #define VERSION "3.3git"
| #define STDC_HEADERS 1
| #define HAVE_SYS_TYPES_H 1
| #define HAVE_SYS_STAT_H 1
| #define HAVE_STDLIB_H 1
| #define HAVE_STRING_H 1
| #define HAVE_MEMORY_H 1
| #define HAVE_STRINGS_H 1
| #define HAVE_INTTYPES_H 1
| #define HAVE_STDINT_H 1
| #define HAVE_UNISTD_H 1
| #define __EXTENSIONS__ 1
| #define _ALL_SOURCE 1
| #define _GNU_SOURCE 1
| #define _POSIX_PTHREAD_SEMANTICS 1
| #define _TANDEM_SOURCE 1
| #define CXX_HAS_STD_ISNAN /**/
| #define HAVE_DLFCN_H 1
| #define LT_OBJDIR ".libs/"
| #define HAVE_PYTHON_H 1
| #define STDC_HEADERS 1
| #define TIME_WITH_SYS_TIME 1
| #define HAVE_SYS_TYPES_H 1
| #define HAVE_FCNTL_H 1
| /* end confdefs.h.  */
| 
| 	#if HAVE_WINDOWS_H
| 	#include <windows.h>
| 	#endif
| 
| 
| #include <winbase.h>
configure:16658: result: no
configure:16678: checking for getopt
configure:16678: gcc -o conftest -g -O2   conftest.c  >&5
configure:16678: $? = 0
configure:16678: result: yes
configure:16678: checking for usleep
configure:16678: gcc -o conftest -g -O2   conftest.c  >&5
configure:16678: $? = 0
configure:16678: result: yes
configure:16678: checking for gettimeofday
configure:16678: gcc -o conftest -g -O2   conftest.c  >&5
configure:16678: $? = 0
configure:16678: result: yes
configure:16678: checking for nanosleep
configure:16678: gcc -o conftest -g -O2   conftest.c  >&5
configure:16678: $? = 0
configure:16678: result: yes
configure:16678: checking for rand
configure:16678: gcc -o conftest -g -O2   conftest.c  >&5
configure:16678: $? = 0
configure:16678: result: yes
configure:16678: checking for srand
configure:16678: gcc -o conftest -g -O2   conftest.c  >&5
configure:16678: $? = 0
configure:16678: result: yes
configure:16678: checking for random
configure:16678: gcc -o conftest -g -O2   conftest.c  >&5
configure:16678: $? = 0
configure:16678: result: yes
configure:16678: checking for srandom
configure:16678: gcc -o conftest -g -O2   conftest.c  >&5
configure:16678: $? = 0
configure:16678: result: yes
configure:16678: checking for sleep
configure:16678: gcc -o conftest -g -O2   conftest.c  >&5
configure:16678: $? = 0
configure:16678: result: yes
configure:16678: checking for sigaction
configure:16678: gcc -o conftest -g -O2   conftest.c  >&5
configure:16678: $? = 0
configure:16678: result: yes
configure:16688: checking for struct timezone
configure:16688: gcc -c -g -O2  conftest.c >&5
configure:16688: $? = 0
configure:16688: gcc -c -g -O2  conftest.c >&5
conftest.c: In function 'main':
conftest.c:63: error: expected expression before ')' token
configure:16688: $? = 1
configure: failed program was:
| /* confdefs.h */
| #define PACKAGE_NAME ""
| #define PACKAGE_TARNAME ""
| #define PACKAGE_VERSION ""
| #define PACKAGE_STRING ""
| #define PACKAGE_BUGREPORT ""
| #define PACKAGE_URL ""
| #define PACKAGE "gr-keyfob"
| #define VERSION "3.3git"
| #define STDC_HEADERS 1
| #define HAVE_SYS_TYPES_H 1
| #define HAVE_SYS_STAT_H 1
| #define HAVE_STDLIB_H 1
| #define HAVE_STRING_H 1
| #define HAVE_MEMORY_H 1
| #define HAVE_STRINGS_H 1
| #define HAVE_INTTYPES_H 1
| #define HAVE_STDINT_H 1
| #define HAVE_UNISTD_H 1
| #define __EXTENSIONS__ 1
| #define _ALL_SOURCE 1
| #define _GNU_SOURCE 1
| #define _POSIX_PTHREAD_SEMANTICS 1
| #define _TANDEM_SOURCE 1
| #define CXX_HAS_STD_ISNAN /**/
| #define HAVE_DLFCN_H 1
| #define LT_OBJDIR ".libs/"
| #define HAVE_PYTHON_H 1
| #define STDC_HEADERS 1
| #define TIME_WITH_SYS_TIME 1
| #define HAVE_SYS_TYPES_H 1
| #define HAVE_FCNTL_H 1
| #define HAVE_GETOPT 1
| #define HAVE_USLEEP 1
| #define HAVE_GETTIMEOFDAY 1
| #define HAVE_NANOSLEEP 1
| #define HAVE_RAND 1
| #define HAVE_SRAND 1
| #define HAVE_RANDOM 1
| #define HAVE_SRANDOM 1
| #define HAVE_SLEEP 1
| #define HAVE_SIGACTION 1
| /* end confdefs.h.  */
| 
|      #if HAVE_SYS_TYPES_H
|      # include <sys/types.h>
|      #endif
|      #if TIME_WITH_SYS_TIME
|      # include <sys/time.h>
|      # include <time.h>
|      #else
|      # if HAVE_SYS_TIME_H
|      #  include <sys/time.h>
|      # else
|      #  include <time.h>
|      # endif
|      #endif
| 
| 
| int
| main ()
| {
| if (sizeof ((struct timezone)))
| 	    return 0;
|   ;
|   return 0;
| }
configure:16688: result: yes
configure:16712: checking for struct timespec
configure:16712: gcc -c -g -O2  conftest.c >&5
configure:16712: $? = 0
configure:16712: gcc -c -g -O2  conftest.c >&5
conftest.c: In function 'main':
conftest.c:64: error: expected expression before ')' token
configure:16712: $? = 1
configure: failed program was:
| /* confdefs.h */
| #define PACKAGE_NAME ""
| #define PACKAGE_TARNAME ""
| #define PACKAGE_VERSION ""
| #define PACKAGE_STRING ""
| #define PACKAGE_BUGREPORT ""
| #define PACKAGE_URL ""
| #define PACKAGE "gr-keyfob"
| #define VERSION "3.3git"
| #define STDC_HEADERS 1
| #define HAVE_SYS_TYPES_H 1
| #define HAVE_SYS_STAT_H 1
| #define HAVE_STDLIB_H 1
| #define HAVE_STRING_H 1
| #define HAVE_MEMORY_H 1
| #define HAVE_STRINGS_H 1
| #define HAVE_INTTYPES_H 1
| #define HAVE_STDINT_H 1
| #define HAVE_UNISTD_H 1
| #define __EXTENSIONS__ 1
| #define _ALL_SOURCE 1
| #define _GNU_SOURCE 1
| #define _POSIX_PTHREAD_SEMANTICS 1
| #define _TANDEM_SOURCE 1
| #define CXX_HAS_STD_ISNAN /**/
| #define HAVE_DLFCN_H 1
| #define LT_OBJDIR ".libs/"
| #define HAVE_PYTHON_H 1
| #define STDC_HEADERS 1
| #define TIME_WITH_SYS_TIME 1
| #define HAVE_SYS_TYPES_H 1
| #define HAVE_FCNTL_H 1
| #define HAVE_GETOPT 1
| #define HAVE_USLEEP 1
| #define HAVE_GETTIMEOFDAY 1
| #define HAVE_NANOSLEEP 1
| #define HAVE_RAND 1
| #define HAVE_SRAND 1
| #define HAVE_RANDOM 1
| #define HAVE_SRANDOM 1
| #define HAVE_SLEEP 1
| #define HAVE_SIGACTION 1
| #define HAVE_STRUCT_TIMEZONE 1
| /* end confdefs.h.  */
| 
|      #if HAVE_SYS_TYPES_H
|      # include <sys/types.h>
|      #endif
|      #if TIME_WITH_SYS_TIME
|      # include <sys/time.h>
|      # include <time.h>
|      #else
|      # if HAVE_SYS_TIME_H
|      #  include <sys/time.h>
|      # else
|      #  include <time.h>
|      # endif
|      #endif
| 
| 
| int
| main ()
| {
| if (sizeof ((struct timespec)))
| 	    return 0;
|   ;
|   return 0;
| }
configure:16712: result: yes
configure:16736: checking for ssize_t
configure:16736: gcc -c -g -O2  conftest.c >&5
configure:16736: $? = 0
configure:16736: gcc -c -g -O2  conftest.c >&5
conftest.c: In function 'main':
conftest.c:65: error: expected expression before ')' token
configure:16736: $? = 1
configure: failed program was:
| /* confdefs.h */
| #define PACKAGE_NAME ""
| #define PACKAGE_TARNAME ""
| #define PACKAGE_VERSION ""
| #define PACKAGE_STRING ""
| #define PACKAGE_BUGREPORT ""
| #define PACKAGE_URL ""
| #define PACKAGE "gr-keyfob"
| #define VERSION "3.3git"
| #define STDC_HEADERS 1
| #define HAVE_SYS_TYPES_H 1
| #define HAVE_SYS_STAT_H 1
| #define HAVE_STDLIB_H 1
| #define HAVE_STRING_H 1
| #define HAVE_MEMORY_H 1
| #define HAVE_STRINGS_H 1
| #define HAVE_INTTYPES_H 1
| #define HAVE_STDINT_H 1
| #define HAVE_UNISTD_H 1
| #define __EXTENSIONS__ 1
| #define _ALL_SOURCE 1
| #define _GNU_SOURCE 1
| #define _POSIX_PTHREAD_SEMANTICS 1
| #define _TANDEM_SOURCE 1
| #define CXX_HAS_STD_ISNAN /**/
| #define HAVE_DLFCN_H 1
| #define LT_OBJDIR ".libs/"
| #define HAVE_PYTHON_H 1
| #define STDC_HEADERS 1
| #define TIME_WITH_SYS_TIME 1
| #define HAVE_SYS_TYPES_H 1
| #define HAVE_FCNTL_H 1
| #define HAVE_GETOPT 1
| #define HAVE_USLEEP 1
| #define HAVE_GETTIMEOFDAY 1
| #define HAVE_NANOSLEEP 1
| #define HAVE_RAND 1
| #define HAVE_SRAND 1
| #define HAVE_RANDOM 1
| #define HAVE_SRANDOM 1
| #define HAVE_SLEEP 1
| #define HAVE_SIGACTION 1
| #define HAVE_STRUCT_TIMEZONE 1
| #define HAVE_STRUCT_TIMESPEC 1
| /* end confdefs.h.  */
| 
|      #if HAVE_SYS_TYPES_H
|      # include <sys/types.h>
|      #endif
|      #if TIME_WITH_SYS_TIME
|      # include <sys/time.h>
|      # include <time.h>
|      #else
|      # if HAVE_SYS_TIME_H
|      #  include <sys/time.h>
|      # else
|      #  include <time.h>
|      # endif
|      #endif
| 
| 
| int
| main ()
| {
| if (sizeof ((ssize_t)))
| 	    return 0;
|   ;
|   return 0;
| }
configure:16736: result: yes
configure:16765: checking for getopt
configure:16765: result: yes
configure:16765: checking for usleep
configure:16765: result: yes
configure:16765: checking for gettimeofday
configure:16765: result: yes
configure:16785: checking for Sleep
configure:16800: gcc -o conftest -g -O2   conftest.c  >&5
conftest.c:50:24: error: windows.h: No such file or directory
conftest.c:51:37: error: winbase.h: No such file or directory
configure:16800: $? = 1
configure: failed program was:
| /* confdefs.h */
| #define PACKAGE_NAME ""
| #define PACKAGE_TARNAME ""
| #define PACKAGE_VERSION ""
| #define PACKAGE_STRING ""
| #define PACKAGE_BUGREPORT ""
| #define PACKAGE_URL ""
| #define PACKAGE "gr-keyfob"
| #define VERSION "3.3git"
| #define STDC_HEADERS 1
| #define HAVE_SYS_TYPES_H 1
| #define HAVE_SYS_STAT_H 1
| #define HAVE_STDLIB_H 1
| #define HAVE_STRING_H 1
| #define HAVE_MEMORY_H 1
| #define HAVE_STRINGS_H 1
| #define HAVE_INTTYPES_H 1
| #define HAVE_STDINT_H 1
| #define HAVE_UNISTD_H 1
| #define __EXTENSIONS__ 1
| #define _ALL_SOURCE 1
| #define _GNU_SOURCE 1
| #define _POSIX_PTHREAD_SEMANTICS 1
| #define _TANDEM_SOURCE 1
| #define CXX_HAS_STD_ISNAN /**/
| #define HAVE_DLFCN_H 1
| #define LT_OBJDIR ".libs/"
| #define HAVE_PYTHON_H 1
| #define STDC_HEADERS 1
| #define TIME_WITH_SYS_TIME 1
| #define HAVE_SYS_TYPES_H 1
| #define HAVE_FCNTL_H 1
| #define HAVE_GETOPT 1
| #define HAVE_USLEEP 1
| #define HAVE_GETTIMEOFDAY 1
| #define HAVE_NANOSLEEP 1
| #define HAVE_RAND 1
| #define HAVE_SRAND 1
| #define HAVE_RANDOM 1
| #define HAVE_SRANDOM 1
| #define HAVE_SLEEP 1
| #define HAVE_SIGACTION 1
| #define HAVE_STRUCT_TIMEZONE 1
| #define HAVE_STRUCT_TIMESPEC 1
| #define HAVE_SSIZE_T 1
| #define HAVE_GETOPT 1
| #define HAVE_USLEEP 1
| #define HAVE_GETTIMEOFDAY 1
| /* end confdefs.h.  */
|    #include <windows.h>
|                 #include <winbase.h>
| 
| int
| main ()
| {
|  Sleep(0);
|   ;
|   return 0;
| }
configure:16807: result: no
configure:16814: checking whether mkdir accepts only one arg
configure:16831: gcc -c -g -O2  conftest.c >&5
conftest.c: In function 'main':
conftest.c:57: error: too few arguments to function 'mkdir'
configure:16831: $? = 1
configure: failed program was:
| /* confdefs.h */
| #define PACKAGE_NAME ""
| #define PACKAGE_TARNAME ""
| #define PACKAGE_VERSION ""
| #define PACKAGE_STRING ""
| #define PACKAGE_BUGREPORT ""
| #define PACKAGE_URL ""
| #define PACKAGE "gr-keyfob"
| #define VERSION "3.3git"
| #define STDC_HEADERS 1
| #define HAVE_SYS_TYPES_H 1
| #define HAVE_SYS_STAT_H 1
| #define HAVE_STDLIB_H 1
| #define HAVE_STRING_H 1
| #define HAVE_MEMORY_H 1
| #define HAVE_STRINGS_H 1
| #define HAVE_INTTYPES_H 1
| #define HAVE_STDINT_H 1
| #define HAVE_UNISTD_H 1
| #define __EXTENSIONS__ 1
| #define _ALL_SOURCE 1
| #define _GNU_SOURCE 1
| #define _POSIX_PTHREAD_SEMANTICS 1
| #define _TANDEM_SOURCE 1
| #define CXX_HAS_STD_ISNAN /**/
| #define HAVE_DLFCN_H 1
| #define LT_OBJDIR ".libs/"
| #define HAVE_PYTHON_H 1
| #define STDC_HEADERS 1
| #define TIME_WITH_SYS_TIME 1
| #define HAVE_SYS_TYPES_H 1
| #define HAVE_FCNTL_H 1
| #define HAVE_GETOPT 1
| #define HAVE_USLEEP 1
| #define HAVE_GETTIMEOFDAY 1
| #define HAVE_NANOSLEEP 1
| #define HAVE_RAND 1
| #define HAVE_SRAND 1
| #define HAVE_RANDOM 1
| #define HAVE_SRANDOM 1
| #define HAVE_SLEEP 1
| #define HAVE_SIGACTION 1
| #define HAVE_STRUCT_TIMEZONE 1
| #define HAVE_STRUCT_TIMESPEC 1
| #define HAVE_SSIZE_T 1
| #define HAVE_GETOPT 1
| #define HAVE_USLEEP 1
| #define HAVE_GETTIMEOFDAY 1
| /* end confdefs.h.  */
| #include <sys/types.h>
|        #include <sys/stat.h>
|        #include <fcntl.h>
| int
| main ()
| {
| 
|        mkdir("")
| 
|   ;
|   return 0;
| }
configure:16838: result: no
configure:16851: checking for xmlto
configure:16881: result: no
configure:16944: checking for pkg-config
configure:16962: found /usr/bin/pkg-config
configure:16974: result: /usr/bin/pkg-config
configure:16999: checking pkg-config is at least version 0.18
configure:17002: result: yes
configure:17013: checking for GNURADIO_CORE
configure:17021: $PKG_CONFIG --exists --print-errors "gnuradio-core >= 3"
configure:17024: $? = 0
configure:17061: $PKG_CONFIG --exists --print-errors "gnuradio-core >= 3"
configure:17064: $? = 0
configure:17081: $PKG_CONFIG --exists --print-errors "gnuradio-core >= 3"
configure:17084: $? = 0
configure:17151: result: yes
configure:17179: $PKG_CONFIG --exists --print-errors "cppunit"
configure:17182: $? = 0
configure:17186: checking for CPPUNIT
configure:17194: $PKG_CONFIG --exists --print-errors "cppunit >= 1.9.14"
configure:17197: $? = 0
configure:17234: $PKG_CONFIG --exists --print-errors "cppunit >= 1.9.14"
configure:17237: $? = 0
configure:17254: $PKG_CONFIG --exists --print-errors "cppunit >= 1.9.14"
configure:17257: $? = 0
configure:17324: result: yes
configure:17609: creating ./config.status

## ---------------- ##
## Cache variables. ##
## ---------------- ##

ac_cv_build=i686-pc-linux-gnu
ac_cv_c_bigendian=no
ac_cv_c_compiler_gnu=yes
ac_cv_c_const=yes
ac_cv_c_inline=inline
ac_cv_cxx_compiler_gnu=yes
ac_cv_env_CCASFLAGS_set=
ac_cv_env_CCASFLAGS_value=
ac_cv_env_CCAS_set=
ac_cv_env_CCAS_value=
ac_cv_env_CCC_set=
ac_cv_env_CCC_value=
ac_cv_env_CC_set=
ac_cv_env_CC_value=
ac_cv_env_CFLAGS_set=
ac_cv_env_CFLAGS_value=
ac_cv_env_CPPFLAGS_set=
ac_cv_env_CPPFLAGS_value=
ac_cv_env_CPPUNIT_CFLAGS_set=
ac_cv_env_CPPUNIT_CFLAGS_value=
ac_cv_env_CPPUNIT_INCLUDEDIR_set=
ac_cv_env_CPPUNIT_INCLUDEDIR_value=
ac_cv_env_CPPUNIT_LIBS_set=
ac_cv_env_CPPUNIT_LIBS_value=
ac_cv_env_CPP_set=
ac_cv_env_CPP_value=
ac_cv_env_CXXCPP_set=
ac_cv_env_CXXCPP_value=
ac_cv_env_CXXFLAGS_set=
ac_cv_env_CXXFLAGS_value=
ac_cv_env_CXX_set=
ac_cv_env_CXX_value=
ac_cv_env_GNURADIO_CORE_CFLAGS_set=
ac_cv_env_GNURADIO_CORE_CFLAGS_value=
ac_cv_env_GNURADIO_CORE_INCLUDEDIR_set=
ac_cv_env_GNURADIO_CORE_INCLUDEDIR_value=
ac_cv_env_GNURADIO_CORE_LIBS_set=
ac_cv_env_GNURADIO_CORE_LIBS_value=
ac_cv_env_LDFLAGS_set=
ac_cv_env_LDFLAGS_value=
ac_cv_env_LIBS_set=
ac_cv_env_LIBS_value=
ac_cv_env_PKG_CONFIG_set=
ac_cv_env_PKG_CONFIG_value=
ac_cv_env_build_alias_set=
ac_cv_env_build_alias_value=
ac_cv_env_host_alias_set=
ac_cv_env_host_alias_value=
ac_cv_env_target_alias_set=
ac_cv_env_target_alias_value=
ac_cv_func_getopt=yes
ac_cv_func_gettimeofday=yes
ac_cv_func_nanosleep=yes
ac_cv_func_rand=yes
ac_cv_func_random=yes
ac_cv_func_sigaction=yes
ac_cv_func_sleep=yes
ac_cv_func_srand=yes
ac_cv_func_srandom=yes
ac_cv_func_usleep=yes
ac_cv_header_Python_h=yes
ac_cv_header_dlfcn_h=yes
ac_cv_header_fcntl_h=yes
ac_cv_header_inttypes_h=yes
ac_cv_header_io_h=no
ac_cv_header_memory_h=yes
ac_cv_header_minix_config_h=no
ac_cv_header_stdc=yes
ac_cv_header_stdint_h=yes
ac_cv_header_stdlib_h=yes
ac_cv_header_string_h=yes
ac_cv_header_strings_h=yes
ac_cv_header_sys_stat_h=yes
ac_cv_header_sys_types_h=yes
ac_cv_header_time=yes
ac_cv_header_unistd_h=yes
ac_cv_header_winbase_h=no
ac_cv_header_windows_h=no
ac_cv_header_winioctl_h=no
ac_cv_host=i686-pc-linux-gnu
ac_cv_objext=o
ac_cv_path_EGREP='/bin/grep -E'
ac_cv_path_FGREP='/bin/grep -F'
ac_cv_path_GIT=/usr/bin/git
ac_cv_path_GREP=/bin/grep
ac_cv_path_PYTHON=/usr/bin/python
ac_cv_path_RM_PROG=/bin/rm
ac_cv_path_SED=/bin/sed
ac_cv_path_ac_pt_PKG_CONFIG=/usr/bin/pkg-config
ac_cv_path_install='/usr/bin/install -c'
ac_cv_path_mkdir=/bin/mkdir
ac_cv_prog_AWK=gawk
ac_cv_prog_CPP='gcc -E'
ac_cv_prog_CXXCPP='g++ -E'
ac_cv_prog_SWIG=/usr/bin/swig
ac_cv_prog_ac_ct_AR=ar
ac_cv_prog_ac_ct_CC=gcc
ac_cv_prog_ac_ct_CXX=g++
ac_cv_prog_ac_ct_OBJDUMP=objdump
ac_cv_prog_ac_ct_RANLIB=ranlib
ac_cv_prog_ac_ct_STRIP=strip
ac_cv_prog_cc_c89=
ac_cv_prog_cc_g=yes
ac_cv_prog_cxx_g=yes
ac_cv_prog_make_make_set=yes
ac_cv_safe_to_define___extensions__=yes
ac_cv_search_strerror='none required'
ac_cv_target=i686-pc-linux-gnu
ac_cv_type_size_t=yes
ac_cv_type_ssize_t=yes
ac_cv_type_struct_timespec=yes
ac_cv_type_struct_timezone=yes
am_cv_CCAS_dependencies_compiler_type=gcc3
am_cv_CC_dependencies_compiler_type=gcc3
am_cv_CXX_dependencies_compiler_type=gcc3
am_cv_prog_tar_ustar=gnutar
am_cv_python_platform=linux2
am_cv_python_pyexecdir='${exec_prefix}/lib/python2.6/dist-packages'
am_cv_python_pythondir='${prefix}/lib/python2.6/dist-packages'
am_cv_python_version=2.6
lt_cv_deplibs_check_method=pass_all
lt_cv_file_magic_cmd='$MAGIC_CMD'
lt_cv_file_magic_test_file=
lt_cv_ld_reload_flag=-r
lt_cv_nm_interface='BSD nm'
lt_cv_objdir=.libs
lt_cv_path_LD=/usr/bin/ld
lt_cv_path_LDCXX=/usr/bin/ld
lt_cv_path_NM='/usr/bin/nm -B'
lt_cv_prog_compiler_c_o=yes
lt_cv_prog_compiler_c_o_CXX=yes
lt_cv_prog_compiler_pic_works=yes
lt_cv_prog_compiler_pic_works_CXX=yes
lt_cv_prog_compiler_rtti_exceptions=no
lt_cv_prog_compiler_static_works=yes
lt_cv_prog_compiler_static_works_CXX=yes
lt_cv_prog_gnu_ld=yes
lt_cv_prog_gnu_ldcxx=yes
lt_cv_sys_global_symbol_pipe='sed -n -e '\''s/^.*[	 ]\([ABCDGIRSTW][ABCDGIRSTW]*\)[	 ][	 ]*\([_A-Za-z][_A-Za-z0-9]*\)$/\1 \2 \2/p'\'''
lt_cv_sys_global_symbol_to_c_name_address='sed -n -e '\''s/^: \([^ ]*\) $/  {\"\1\", (void *) 0},/p'\'' -e '\''s/^[ABCDGIRSTW]* \([^ ]*\) \([^ ]*\)$/  {"\2", (void *) \&\2},/p'\'''
lt_cv_sys_global_symbol_to_c_name_address_lib_prefix='sed -n -e '\''s/^: \([^ ]*\) $/  {\"\1\", (void *) 0},/p'\'' -e '\''s/^[ABCDGIRSTW]* \([^ ]*\) \(lib[^ ]*\)$/  {"\2", (void *) \&\2},/p'\'' -e '\''s/^[ABCDGIRSTW]* \([^ ]*\) \([^ ]*\)$/  {"lib\2", (void *) \&\2},/p'\'''
lt_cv_sys_global_symbol_to_cdecl='sed -n -e '\''s/^T .* \(.*\)$/extern int \1();/p'\'' -e '\''s/^[ABCDGIRSTW]* .* \(.*\)$/extern char \1;/p'\'''
lt_cv_sys_max_cmd_len=805306365
pkg_cv_CPPUNIT_CFLAGS=' '
pkg_cv_CPPUNIT_CPPFLAGS=
pkg_cv_CPPUNIT_INCLUDEDIR=/usr/include
pkg_cv_CPPUNIT_LIBS='-lcppunit -ldl  '
pkg_cv_GNURADIO_CORE_CFLAGS='-pthread -I/usr/local/include/gnuradio -I/usr/local/include  '
pkg_cv_GNURADIO_CORE_CPPFLAGS=' -I/usr/local/include/gnuradio -I/usr/local/include'
pkg_cv_GNURADIO_CORE_INCLUDEDIR=/usr/local/include/gnuradio
pkg_cv_GNURADIO_CORE_LIBS='-L/usr/local/lib -lboost_thread-mt -lboost_date_time-mt -lgnuradio-core -lgruel -lfftw3f -lgsl -lgslcblas -lm  '

## ----------------- ##
## Output variables. ##
## ----------------- ##

ACLOCAL='${SHELL} /home/nick/keyfob-new/keyfob/missing --run aclocal-1.11'
AMDEPBACKSLASH='\'
AMDEP_FALSE='#'
AMDEP_TRUE=''
AMTAR='${SHELL} /home/nick/keyfob-new/keyfob/missing --run tar'
AR='ar'
AS='as'
AUTOCONF='${SHELL} /home/nick/keyfob-new/keyfob/missing --run autoconf'
AUTOHEADER='${SHELL} /home/nick/keyfob-new/keyfob/missing --run autoheader'
AUTOMAKE='${SHELL} /home/nick/keyfob-new/keyfob/missing --run automake-1.11'
AWK='gawk'
CC='gcc'
CCAS='gcc'
CCASDEPMODE='depmode=gcc3'
CCASFLAGS='-g -O2'
CCDEPMODE='depmode=gcc3'
CFLAGS='-g -O2'
CPP='gcc -E'
CPPFLAGS=''
CPPUNIT_CFLAGS=' '
CPPUNIT_CONFIG=''
CPPUNIT_CPPFLAGS=''
CPPUNIT_INCLUDEDIR='/usr/include'
CPPUNIT_LIBS='-lcppunit -ldl  '
CXX='g++'
CXXCPP='g++ -E'
CXXDEPMODE='depmode=gcc3'
CXXFLAGS='-g -O2'
CYGPATH_W='echo'
DEFS='-DHAVE_CONFIG_H'
DEPDIR='.deps'
DLLTOOL='dlltool'
DOCVER='3.3git'
DSYMUTIL=''
DUMPBIN=''
ECHO_C=''
ECHO_N='-n'
ECHO_T=''
EGREP='/bin/grep -E'
EXEEXT=''
FGREP='/bin/grep -F'
GIT='/usr/bin/git'
GNURADIO_CORE_CFLAGS='-pthread -I/usr/local/include/gnuradio -I/usr/local/include  '
GNURADIO_CORE_CPPFLAGS=' -I/usr/local/include/gnuradio -I/usr/local/include'
GNURADIO_CORE_INCLUDEDIR='/usr/local/include/gnuradio'
GNURADIO_CORE_LIBS='-L/usr/local/lib -lboost_thread-mt -lboost_date_time-mt -lgnuradio-core -lgruel -lfftw3f -lgsl -lgslcblas -lm  '
GREP='/bin/grep'
HAS_XMLTO_FALSE=''
HAS_XMLTO_TRUE='#'
INSTALL_DATA='${INSTALL} -m 644'
INSTALL_PROGRAM='${INSTALL}'
INSTALL_SCRIPT='${INSTALL}'
INSTALL_STRIP_PROGRAM='$(install_sh) -c -s'
LD='/usr/bin/ld'
LDFLAGS=''
LIBOBJS=''
LIBS=' -L/usr/local/lib -lboost_thread-mt -lboost_date_time-mt -lgnuradio-core -lgruel -lfftw3f -lgsl -lgslcblas -lm  '
LIBTOOL='$(SHELL) $(top_builddir)/libtool'
LIPO=''
LN_S='ln -s'
LTLIBOBJS=''
MAKEINFO='${SHELL} /home/nick/keyfob-new/keyfob/missing --run makeinfo'
MKDIR_P='/bin/mkdir -p'
NM='/usr/bin/nm -B'
NMEDIT=''
NO_UNDEFINED=''
OBJDUMP='objdump'
OBJEXT='o'
OTOOL64=''
OTOOL=''
PACKAGE='gr-keyfob'
PACKAGE_BUGREPORT=''
PACKAGE_NAME=''
PACKAGE_STRING=''
PACKAGE_TARNAME=''
PACKAGE_URL=''
PACKAGE_VERSION=''
PATH_SEPARATOR=':'
PKG_CONFIG='/usr/bin/pkg-config'
PYTHON='/usr/bin/python'
PYTHON_CPPFLAGS='-I/usr/include/python2.6'
PYTHON_EXEC_PREFIX='${exec_prefix}'
PYTHON_FALSE='#'
PYTHON_LDFLAGS=''
PYTHON_PLATFORM='linux2'
PYTHON_PREFIX='${prefix}'
PYTHON_TRUE=''
PYTHON_VERSION='2.6'
RANLIB='ranlib'
RELEASE='3.3git'
RM_PROG='/bin/rm'
SED='/bin/sed'
SET_MAKE=''
SHELL='/bin/bash'
STRIP='strip'
SWIG='/usr/bin/swig -c++'
SWIG_PYTHON_CPPFLAGS='-I/usr/include/python2.6'
SWIG_PYTHON_LIB='-lswigpy'
SWIG_PYTHON_OPT='-python'
VERSION='3.3git'
XMLTO=''
ac_ct_CC='gcc'
ac_ct_CXX='g++'
ac_ct_DUMPBIN=''
am__EXEEXT_FALSE=''
am__EXEEXT_TRUE='#'
am__fastdepCCAS_FALSE='#'
am__fastdepCCAS_TRUE=''
am__fastdepCC_FALSE='#'
am__fastdepCC_TRUE=''
am__fastdepCXX_FALSE='#'
am__fastdepCXX_TRUE=''
am__include='include'
am__isrc=''
am__leading_dot='.'
am__quote=''
am__tar='tar --format=ustar -chf - "$$tardir"'
am__untar='tar -xf -'
autoconf_default_CXXFLAGS='-g -O2'
bindir='${exec_prefix}/bin'
build='i686-pc-linux-gnu'
build_alias=''
build_cpu='i686'
build_os='linux-gnu'
build_vendor='pc'
datadir='${datarootdir}'
datarootdir='${prefix}/share'
docdir='${datarootdir}/doc/${PACKAGE}'
dvidir='${docdir}'
exec_prefix='${prefix}'
gr_libdir_suffix=''
host='i686-pc-linux-gnu'
host_alias=''
host_cpu='i686'
host_os='linux-gnu'
host_vendor='pc'
htmldir='${docdir}'
includedir='${prefix}/include'
infodir='${datarootdir}/info'
install_sh='${SHELL} /home/nick/keyfob-new/keyfob/install-sh'
lf_CFLAGS=' -Wall -Werror-implicit-function-declaration'
lf_CXXFLAGS=' -Wall -Woverloaded-virtual'
libdir='${exec_prefix}/lib'
libexecdir='${exec_prefix}/libexec'
localedir='${datarootdir}/locale'
localstatedir='${prefix}/var'
lt_ECHO='echo'
mandir='${datarootdir}/man'
mkdir_p='/bin/mkdir -p'
oldincludedir='/usr/include'
pdfdir='${docdir}'
pkgpyexecdir='${pyexecdir}/gr-keyfob'
pkgpythondir='${pythondir}/gr-keyfob'
prefix='/usr/local'
program_transform_name='s,x,x,'
psdir='${docdir}'
pyexecdir='${exec_prefix}/lib/python2.6/dist-packages'
pythondir='${prefix}/lib/python2.6/dist-packages'
sbindir='${exec_prefix}/sbin'
sharedstatedir='${prefix}/com'
swig_CXXFLAGS='-g -O1 -Wno-strict-aliasing -Wno-parentheses'
sysconfdir='${prefix}/etc'
target='i686-pc-linux-gnu'
target_alias=''
target_cpu='i686'
target_os='linux-gnu'
target_vendor='pc'

## ----------- ##
## confdefs.h. ##
## ----------- ##

/* confdefs.h */
#define PACKAGE_NAME ""
#define PACKAGE_TARNAME ""
#define PACKAGE_VERSION ""
#define PACKAGE_STRING ""
#define PACKAGE_BUGREPORT ""
#define PACKAGE_URL ""
#define PACKAGE "gr-keyfob"
#define VERSION "3.3git"
#define STDC_HEADERS 1
#define HAVE_SYS_TYPES_H 1
#define HAVE_SYS_STAT_H 1
#define HAVE_STDLIB_H 1
#define HAVE_STRING_H 1
#define HAVE_MEMORY_H 1
#define HAVE_STRINGS_H 1
#define HAVE_INTTYPES_H 1
#define HAVE_STDINT_H 1
#define HAVE_UNISTD_H 1
#define __EXTENSIONS__ 1
#define _ALL_SOURCE 1
#define _GNU_SOURCE 1
#define _POSIX_PTHREAD_SEMANTICS 1
#define _TANDEM_SOURCE 1
#define CXX_HAS_STD_ISNAN /**/
#define HAVE_DLFCN_H 1
#define LT_OBJDIR ".libs/"
#define HAVE_PYTHON_H 1
#define STDC_HEADERS 1
#define TIME_WITH_SYS_TIME 1
#define HAVE_SYS_TYPES_H 1
#define HAVE_FCNTL_H 1
#define HAVE_GETOPT 1
#define HAVE_USLEEP 1
#define HAVE_GETTIMEOFDAY 1
#define HAVE_NANOSLEEP 1
#define HAVE_RAND 1
#define HAVE_SRAND 1
#define HAVE_RANDOM 1
#define HAVE_SRANDOM 1
#define HAVE_SLEEP 1
#define HAVE_SIGACTION 1
#define HAVE_STRUCT_TIMEZONE 1
#define HAVE_STRUCT_TIMESPEC 1
#define HAVE_SSIZE_T 1
#define HAVE_GETOPT 1
#define HAVE_USLEEP 1
#define HAVE_GETTIMEOFDAY 1

configure: exit 0

## ---------------------- ##
## Running config.status. ##
## ---------------------- ##

This file was extended by config.status, which was
generated by GNU Autoconf 2.65.  Invocation command line was

  CONFIG_FILES    = 
  CONFIG_HEADERS  = 
  CONFIG_LINKS    = 
  CONFIG_COMMANDS = 
  $ ./config.status 

on crapshoot

config.status:1212: creating Makefile
config.status:1212: creating apps/Makefile
config.status:1212: creating config/Makefile
config.status:1212: creating grc/Makefile
config.status:1212: creating lib/Makefile
config.status:1212: creating python/Makefile
config.status:1212: creating python/run_tests
config.status:1212: creating swig/Makefile
config.status:1212: creating config.h
config.status:1384: config.h is unchanged
config.status:1432: executing depfiles commands
config.status:1432: executing libtool commands
config.status:1432: executing run_tests commands

## ---------------------- ##
## Running config.status. ##
## ---------------------- ##

This file was extended by config.status, which was
generated by GNU Autoconf 2.65.  Invocation command line was

  CONFIG_FILES    = 
  CONFIG_HEADERS  = 
  CONFIG_LINKS    = 
  CONFIG_COMMANDS = 
  $ ./config.status config.h

on crapshoot

config.status:1212: creating config.h
config.status:1384: config.h is unchanged
